04/11/2012 17:55:29 org.apache.catalina.core.AprLifecycleListener init
INFO: Cargada la biblioteca nativa APR de Apache Tomcat 1.1.24 con la versión APR 1.4.6.
04/11/2012 17:55:29 org.apache.catalina.core.AprLifecycleListener init
INFO: Capacidades APR: IPv6 [true], enviar fichero [true], aceptar filtros [false], aleatorio [true].
04/11/2012 17:55:31 org.apache.catalina.core.AprLifecycleListener initializeSSL
INFO: OpenSSL inicializado correctamente (OpenSSL 1.0.1c 10 May 2012)
04/11/2012 17:55:31 org.apache.coyote.AbstractProtocol init
INFO: Initializing ProtocolHandler ["http-apr-8400"]
04/11/2012 17:55:31 org.apache.coyote.AbstractProtocol init
INFO: Initializing ProtocolHandler ["ajp-apr-8009"]
04/11/2012 17:55:31 org.apache.catalina.startup.Catalina load
INFO: Initialization processed in 2271 ms
04/11/2012 17:55:31 org.apache.catalina.core.StandardService startInternal
INFO: Arrancando servicio Catalina
04/11/2012 17:55:31 org.apache.catalina.core.StandardEngine startInternal
INFO: Starting Servlet Engine: Apache Tomcat/7.0.32
04/11/2012 17:55:31 org.apache.catalina.startup.HostConfig deployWAR
INFO: Despliegue del archivo C:\apache-tomcat-7.0.32\webapps\SistemaHotelero.war de la aplicación web
04/11/2012 17:55:43 org.apache.catalina.util.SessionIdGenerator createSecureRandom
INFO: Creation of SecureRandom instance for session ID generation using [SHA1PRNG] took [159] milliseconds.
04/11/2012 17:55:46 org.apache.catalina.startup.HostConfig deployDirectory
INFO: Despliegue del directorio C:\apache-tomcat-7.0.32\webapps\docs de la aplicación web
04/11/2012 17:55:46 org.apache.catalina.startup.HostConfig deployDirectory
INFO: Despliegue del directorio C:\apache-tomcat-7.0.32\webapps\examples de la aplicación web
04/11/2012 17:55:46 org.apache.catalina.startup.HostConfig deployDirectory
INFO: Despliegue del directorio C:\apache-tomcat-7.0.32\webapps\host-manager de la aplicación web
04/11/2012 17:55:46 org.apache.catalina.startup.HostConfig deployDirectory
INFO: Despliegue del directorio C:\apache-tomcat-7.0.32\webapps\manager de la aplicación web
04/11/2012 17:55:46 org.apache.catalina.startup.HostConfig deployDirectory
INFO: Despliegue del directorio C:\apache-tomcat-7.0.32\webapps\ROOT de la aplicación web
04/11/2012 17:55:46 org.apache.coyote.AbstractProtocol start
INFO: Starting ProtocolHandler ["http-apr-8400"]
04/11/2012 17:55:46 org.apache.coyote.AbstractProtocol start
INFO: Starting ProtocolHandler ["ajp-apr-8009"]
04/11/2012 17:55:46 org.apache.catalina.startup.Catalina start
INFO: Server startup in 15002 ms
04/11/2012 17:55:59 org.hibernate.annotations.common.Version <clinit>
INFO: HCANN000001: Hibernate Commons Annotations {4.0.1.Final}
04/11/2012 17:55:59 org.hibernate.Version logVersion
INFO: HHH000412: Hibernate Core {4.1.3.Final}
04/11/2012 17:55:59 org.hibernate.cfg.Environment <clinit>
INFO: HHH000206: hibernate.properties not found
04/11/2012 17:55:59 org.hibernate.cfg.Environment buildBytecodeProvider
INFO: HHH000021: Bytecode provider name : javassist
04/11/2012 17:56:02 org.hibernate.service.jdbc.connections.internal.DriverManagerConnectionProviderImpl configure
INFO: HHH000402: Using Hibernate built-in connection pool (not for production use!)
04/11/2012 17:56:02 org.hibernate.service.jdbc.connections.internal.DriverManagerConnectionProviderImpl configure
INFO: HHH000115: Hibernate connection pool size: 20
04/11/2012 17:56:02 org.hibernate.service.jdbc.connections.internal.DriverManagerConnectionProviderImpl configure
INFO: HHH000006: Autocommit mode: true
04/11/2012 17:56:02 org.hibernate.service.jdbc.connections.internal.DriverManagerConnectionProviderImpl configure
INFO: HHH000401: using driver [org.apache.derby.jdbc.EmbeddedDriver] at URL [jdbc:derby:dellosky;create=true]
04/11/2012 17:56:02 org.hibernate.service.jdbc.connections.internal.DriverManagerConnectionProviderImpl configure
INFO: HHH000046: Connection properties: {user=, password=****, autocommit=true, release_mode=auto}
04/11/2012 17:56:07 org.hibernate.dialect.Dialect <init>
INFO: HHH000400: Using dialect: org.hibernate.dialect.DerbyDialect
04/11/2012 17:56:07 org.hibernate.dialect.DerbyDialect <init>
WARN: HHH000430: The DerbyDialect dialect has been deprecated; use one of the version-specific dialects instead
04/11/2012 17:56:07 org.hibernate.engine.transaction.internal.TransactionFactoryInitiator initiateService
INFO: HHH000268: Transaction strategy: org.hibernate.engine.transaction.internal.jdbc.JdbcTransactionFactory
04/11/2012 17:56:07 org.hibernate.hql.internal.ast.ASTQueryTranslatorFactory <init>
INFO: HHH000397: Using ASTQueryTranslatorFactory
04/11/2012 17:56:08 org.hibernate.tool.hbm2ddl.SchemaExport execute
INFO: HHH000227: Running hbm2ddl schema export
04/11/2012 17:56:08 org.hibernate.tool.hbm2ddl.SchemaExport perform
ERROR: HHH000389: Unsuccessful: alter table Cleaning drop constraint FK32F3B519C7EF8363
04/11/2012 17:56:08 org.hibernate.tool.hbm2ddl.SchemaExport perform
ERROR: 'ALTER TABLE' cannot be performed on 'CLEANING' because it does not exist.
04/11/2012 17:56:08 org.hibernate.tool.hbm2ddl.SchemaExport perform
ERROR: HHH000389: Unsuccessful: alter table Cleaning drop constraint FK32F3B519C33567A9
04/11/2012 17:56:08 org.hibernate.tool.hbm2ddl.SchemaExport perform
ERROR: 'ALTER TABLE' cannot be performed on 'CLEANING' because it does not exist.
04/11/2012 17:56:08 org.hibernate.tool.hbm2ddl.SchemaExport perform
ERROR: HHH000389: Unsuccessful: alter table Consumption drop constraint FK30DB9B7BACB74BA8
04/11/2012 17:56:08 org.hibernate.tool.hbm2ddl.SchemaExport perform
ERROR: 'ALTER TABLE' cannot be performed on 'CONSUMPTION' because it does not exist.
04/11/2012 17:56:08 org.hibernate.tool.hbm2ddl.SchemaExport perform
ERROR: HHH000389: Unsuccessful: alter table Consumption drop constraint FK30DB9B7BBC4104B6
04/11/2012 17:56:08 org.hibernate.tool.hbm2ddl.SchemaExport perform
ERROR: 'ALTER TABLE' cannot be performed on 'CONSUMPTION' because it does not exist.
04/11/2012 17:56:08 org.hibernate.tool.hbm2ddl.SchemaExport perform
ERROR: HHH000389: Unsuccessful: alter table Consumption drop constraint FK30DB9B7B2F303BE9
04/11/2012 17:56:08 org.hibernate.tool.hbm2ddl.SchemaExport perform
ERROR: 'ALTER TABLE' cannot be performed on 'CONSUMPTION' because it does not exist.
04/11/2012 17:56:08 org.hibernate.tool.hbm2ddl.SchemaExport perform
ERROR: HHH000389: Unsuccessful: alter table Customer drop constraint FK27FBE3FEF57244ED
04/11/2012 17:56:08 org.hibernate.tool.hbm2ddl.SchemaExport perform
ERROR: 'ALTER TABLE' cannot be performed on 'CUSTOMER' because it does not exist.
04/11/2012 17:56:08 org.hibernate.tool.hbm2ddl.SchemaExport perform
ERROR: HHH000389: Unsuccessful: alter table Customer drop constraint FK27FBE3FEF394DB16
04/11/2012 17:56:08 org.hibernate.tool.hbm2ddl.SchemaExport perform
ERROR: 'ALTER TABLE' cannot be performed on 'CUSTOMER' because it does not exist.
04/11/2012 17:56:08 org.hibernate.tool.hbm2ddl.SchemaExport perform
ERROR: HHH000389: Unsuccessful: alter table Customer drop constraint FK27FBE3FE4202C996
04/11/2012 17:56:08 org.hibernate.tool.hbm2ddl.SchemaExport perform
ERROR: 'ALTER TABLE' cannot be performed on 'CUSTOMER' because it does not exist.
04/11/2012 17:56:08 org.hibernate.tool.hbm2ddl.SchemaExport perform
ERROR: HHH000389: Unsuccessful: alter table Occupation drop constraint FKD71A456B7F64F557
04/11/2012 17:56:08 org.hibernate.tool.hbm2ddl.SchemaExport perform
ERROR: 'ALTER TABLE' cannot be performed on 'OCCUPATION' because it does not exist.
04/11/2012 17:56:08 org.hibernate.tool.hbm2ddl.SchemaExport perform
ERROR: HHH000389: Unsuccessful: alter table Occupation drop constraint FKD71A456BBC4104B6
04/11/2012 17:56:08 org.hibernate.tool.hbm2ddl.SchemaExport perform
ERROR: 'ALTER TABLE' cannot be performed on 'OCCUPATION' because it does not exist.
04/11/2012 17:56:08 org.hibernate.tool.hbm2ddl.SchemaExport perform
ERROR: HHH000389: Unsuccessful: alter table Promotion drop constraint FK47CF1C83BC4104B6
04/11/2012 17:56:08 org.hibernate.tool.hbm2ddl.SchemaExport perform
ERROR: 'ALTER TABLE' cannot be performed on 'PROMOTION' because it does not exist.
04/11/2012 17:56:08 org.hibernate.tool.hbm2ddl.SchemaExport perform
ERROR: HHH000389: Unsuccessful: alter table RATE drop constraint FK2644E05D36A0B6
04/11/2012 17:56:08 org.hibernate.tool.hbm2ddl.SchemaExport perform
ERROR: 'ALTER TABLE' cannot be performed on 'RATE' because it does not exist.
04/11/2012 17:56:08 org.hibernate.tool.hbm2ddl.SchemaExport perform
ERROR: HHH000389: Unsuccessful: alter table RATE drop constraint FK2644E040E8D26D
04/11/2012 17:56:08 org.hibernate.tool.hbm2ddl.SchemaExport perform
ERROR: 'ALTER TABLE' cannot be performed on 'RATE' because it does not exist.
04/11/2012 17:56:08 org.hibernate.tool.hbm2ddl.SchemaExport perform
ERROR: HHH000389: Unsuccessful: alter table Region drop constraint FK91AD1314B15BBF9E
04/11/2012 17:56:08 org.hibernate.tool.hbm2ddl.SchemaExport perform
ERROR: 'ALTER TABLE' cannot be performed on 'REGION' because it does not exist.
04/11/2012 17:56:08 org.hibernate.tool.hbm2ddl.SchemaExport perform
ERROR: HHH000389: Unsuccessful: alter table ReservationForm drop constraint FKB06AB690ACB74BA8
04/11/2012 17:56:08 org.hibernate.tool.hbm2ddl.SchemaExport perform
ERROR: 'ALTER TABLE' cannot be performed on 'RESERVATIONFORM' because it does not exist.
04/11/2012 17:56:08 org.hibernate.tool.hbm2ddl.SchemaExport perform
ERROR: HHH000389: Unsuccessful: alter table ReservationForm drop constraint FKB06AB69055E2FD16
04/11/2012 17:56:08 org.hibernate.tool.hbm2ddl.SchemaExport perform
ERROR: 'ALTER TABLE' cannot be performed on 'RESERVATIONFORM' because it does not exist.
04/11/2012 17:56:08 org.hibernate.tool.hbm2ddl.SchemaExport perform
ERROR: HHH000389: Unsuccessful: alter table Room drop constraint FK26F4FB40E8D26D
04/11/2012 17:56:09 org.hibernate.tool.hbm2ddl.SchemaExport perform
ERROR: 'ALTER TABLE' cannot be performed on 'ROOM' because it does not exist.
04/11/2012 17:56:09 org.hibernate.tool.hbm2ddl.SchemaExport perform
ERROR: HHH000389: Unsuccessful: alter table Transfer drop constraint FK50331C0BACB74BA8
04/11/2012 17:56:09 org.hibernate.tool.hbm2ddl.SchemaExport perform
ERROR: 'ALTER TABLE' cannot be performed on 'TRANSFER' because it does not exist.
04/11/2012 17:56:09 org.hibernate.tool.hbm2ddl.SchemaExport perform
ERROR: HHH000389: Unsuccessful: alter table Transfer drop constraint FK50331C0B7F64F557
04/11/2012 17:56:09 org.hibernate.tool.hbm2ddl.SchemaExport perform
ERROR: 'ALTER TABLE' cannot be performed on 'TRANSFER' because it does not exist.
04/11/2012 17:56:09 org.hibernate.tool.hbm2ddl.SchemaExport perform
ERROR: HHH000389: Unsuccessful: alter table Transfer drop constraint FK50331C0B2F303BE9
04/11/2012 17:56:09 org.hibernate.tool.hbm2ddl.SchemaExport perform
ERROR: 'ALTER TABLE' cannot be performed on 'TRANSFER' because it does not exist.
04/11/2012 17:56:09 org.hibernate.tool.hbm2ddl.SchemaExport perform
ERROR: HHH000389: Unsuccessful: drop table Bank
04/11/2012 17:56:09 org.hibernate.tool.hbm2ddl.SchemaExport perform
ERROR: 'DROP TABLE' cannot be performed on 'BANK' because it does not exist.
04/11/2012 17:56:09 org.hibernate.tool.hbm2ddl.SchemaExport perform
ERROR: HHH000389: Unsuccessful: drop table Cleaning
04/11/2012 17:56:09 org.hibernate.tool.hbm2ddl.SchemaExport perform
ERROR: 'DROP TABLE' cannot be performed on 'CLEANING' because it does not exist.
04/11/2012 17:56:09 org.hibernate.tool.hbm2ddl.SchemaExport perform
ERROR: HHH000389: Unsuccessful: drop table CleaningType
04/11/2012 17:56:09 org.hibernate.tool.hbm2ddl.SchemaExport perform
ERROR: 'DROP TABLE' cannot be performed on 'CLEANINGTYPE' because it does not exist.
04/11/2012 17:56:09 org.hibernate.tool.hbm2ddl.SchemaExport perform
ERROR: HHH000389: Unsuccessful: drop table Consumption
04/11/2012 17:56:09 org.hibernate.tool.hbm2ddl.SchemaExport perform
ERROR: 'DROP TABLE' cannot be performed on 'CONSUMPTION' because it does not exist.
04/11/2012 17:56:09 org.hibernate.tool.hbm2ddl.SchemaExport perform
ERROR: HHH000389: Unsuccessful: drop table Country
04/11/2012 17:56:09 org.hibernate.tool.hbm2ddl.SchemaExport perform
ERROR: 'DROP TABLE' cannot be performed on 'COUNTRY' because it does not exist.
04/11/2012 17:56:09 org.hibernate.tool.hbm2ddl.SchemaExport perform
ERROR: HHH000389: Unsuccessful: drop table Customer
04/11/2012 17:56:09 org.hibernate.tool.hbm2ddl.SchemaExport perform
ERROR: 'DROP TABLE' cannot be performed on 'CUSTOMER' because it does not exist.
04/11/2012 17:56:09 org.hibernate.tool.hbm2ddl.SchemaExport perform
ERROR: HHH000389: Unsuccessful: drop table DocumentType
04/11/2012 17:56:09 org.hibernate.tool.hbm2ddl.SchemaExport perform
ERROR: 'DROP TABLE' cannot be performed on 'DOCUMENTTYPE' because it does not exist.
04/11/2012 17:56:09 org.hibernate.tool.hbm2ddl.SchemaExport perform
ERROR: HHH000389: Unsuccessful: drop table ExchangeRate
04/11/2012 17:56:09 org.hibernate.tool.hbm2ddl.SchemaExport perform
ERROR: 'DROP TABLE' cannot be performed on 'EXCHANGERATE' because it does not exist.
04/11/2012 17:56:09 org.hibernate.tool.hbm2ddl.SchemaExport perform
ERROR: HHH000389: Unsuccessful: drop table Language
04/11/2012 17:56:09 org.hibernate.tool.hbm2ddl.SchemaExport perform
ERROR: 'DROP TABLE' cannot be performed on 'LANGUAGE' because it does not exist.
04/11/2012 17:56:09 org.hibernate.tool.hbm2ddl.SchemaExport perform
ERROR: HHH000389: Unsuccessful: drop table Occupation
04/11/2012 17:56:09 org.hibernate.tool.hbm2ddl.SchemaExport perform
ERROR: 'DROP TABLE' cannot be performed on 'OCCUPATION' because it does not exist.
04/11/2012 17:56:09 org.hibernate.tool.hbm2ddl.SchemaExport perform
ERROR: HHH000389: Unsuccessful: drop table Promotion
04/11/2012 17:56:09 org.hibernate.tool.hbm2ddl.SchemaExport perform
ERROR: 'DROP TABLE' cannot be performed on 'PROMOTION' because it does not exist.
04/11/2012 17:56:09 org.hibernate.tool.hbm2ddl.SchemaExport perform
ERROR: HHH000389: Unsuccessful: drop table RATE
04/11/2012 17:56:09 org.hibernate.tool.hbm2ddl.SchemaExport perform
ERROR: 'DROP TABLE' cannot be performed on 'RATE' because it does not exist.
04/11/2012 17:56:09 org.hibernate.tool.hbm2ddl.SchemaExport perform
ERROR: HHH000389: Unsuccessful: drop table Region
04/11/2012 17:56:09 org.hibernate.tool.hbm2ddl.SchemaExport perform
ERROR: 'DROP TABLE' cannot be performed on 'REGION' because it does not exist.
04/11/2012 17:56:09 org.hibernate.tool.hbm2ddl.SchemaExport perform
ERROR: HHH000389: Unsuccessful: drop table ReservationForm
04/11/2012 17:56:09 org.hibernate.tool.hbm2ddl.SchemaExport perform
ERROR: 'DROP TABLE' cannot be performed on 'RESERVATIONFORM' because it does not exist.
04/11/2012 17:56:09 org.hibernate.tool.hbm2ddl.SchemaExport perform
ERROR: HHH000389: Unsuccessful: drop table Room
04/11/2012 17:56:09 org.hibernate.tool.hbm2ddl.SchemaExport perform
ERROR: 'DROP TABLE' cannot be performed on 'ROOM' because it does not exist.
04/11/2012 17:56:09 org.hibernate.tool.hbm2ddl.SchemaExport perform
ERROR: HHH000389: Unsuccessful: drop table RoomType
04/11/2012 17:56:09 org.hibernate.tool.hbm2ddl.SchemaExport perform
ERROR: 'DROP TABLE' cannot be performed on 'ROOMTYPE' because it does not exist.
04/11/2012 17:56:09 org.hibernate.tool.hbm2ddl.SchemaExport perform
ERROR: HHH000389: Unsuccessful: drop table Season
04/11/2012 17:56:09 org.hibernate.tool.hbm2ddl.SchemaExport perform
ERROR: 'DROP TABLE' cannot be performed on 'SEASON' because it does not exist.
04/11/2012 17:56:09 org.hibernate.tool.hbm2ddl.SchemaExport perform
ERROR: HHH000389: Unsuccessful: drop table ServiceType
04/11/2012 17:56:09 org.hibernate.tool.hbm2ddl.SchemaExport perform
ERROR: 'DROP TABLE' cannot be performed on 'SERVICETYPE' because it does not exist.
04/11/2012 17:56:09 org.hibernate.tool.hbm2ddl.SchemaExport perform
ERROR: HHH000389: Unsuccessful: drop table Transfer
04/11/2012 17:56:09 org.hibernate.tool.hbm2ddl.SchemaExport perform
ERROR: 'DROP TABLE' cannot be performed on 'TRANSFER' because it does not exist.
04/11/2012 17:56:12 org.hibernate.tool.hbm2ddl.SchemaExport execute
INFO: HHH000230: Schema export complete
04/11/2012 19:12:14 org.apache.coyote.AbstractProtocol pause
INFO: Pausing ProtocolHandler ["http-apr-8400"]
04/11/2012 19:12:15 org.apache.coyote.AbstractProtocol pause
INFO: Pausing ProtocolHandler ["ajp-apr-8009"]
04/11/2012 19:12:15 org.apache.catalina.core.StandardService stopInternal
INFO: Parando servicio Catalina
04/11/2012 19:12:19 org.apache.catalina.loader.WebappClassLoader clearReferencesJdbc
GRAVE: La aplicación web [/SistemaHotelero] registró el conductor JDBC [org.apache.derby.jdbc.AutoloadedDriver40] pero falló al anular el registro mientras la aplicación web estaba parada. Para prevenir un fallo de memoria, se ha anulado el registro del conductor JDBC por la fuerza.
04/11/2012 19:12:19 org.apache.catalina.loader.WebappClassLoader checkThreadLocalMapForLeaks
GRAVE: La aplicación web [/SistemaHotelero] creó un ThreadLocal con clave del tipo [java.lang.ThreadLocal] (valor [java.lang.ThreadLocal@19bf7d0]) y un valor del tipo [org.apache.derby.iapi.services.context.ContextManager] (valor [org.apache.derby.iapi.services.context.ContextManager@16c27ba]) pero no pudo quitarlo cuando la aplicación web se paró. Los hilos se van a renovar con el tiempo para intentar evitar in posible fallo de memoria.
04/11/2012 19:12:19 org.apache.catalina.loader.WebappClassLoader checkThreadLocalMapForLeaks
GRAVE: La aplicación web [/SistemaHotelero] creó un ThreadLocal con clave del tipo [java.lang.ThreadLocal] (valor [java.lang.ThreadLocal@19bf7d0]) y un valor del tipo [org.apache.derby.iapi.services.context.ContextManager] (valor [org.apache.derby.iapi.services.context.ContextManager@16c27ba]) pero no pudo quitarlo cuando la aplicación web se paró. Los hilos se van a renovar con el tiempo para intentar evitar in posible fallo de memoria.
04/11/2012 19:12:19 org.apache.catalina.loader.WebappClassLoader checkThreadLocalMapForLeaks
GRAVE: La aplicación web [/SistemaHotelero] creó un ThreadLocal con clave del tipo [java.lang.ThreadLocal] (valor [java.lang.ThreadLocal@19bf7d0]) y un valor del tipo [org.apache.derby.iapi.services.context.ContextManager] (valor [org.apache.derby.iapi.services.context.ContextManager@16c27ba]) pero no pudo quitarlo cuando la aplicación web se paró. Los hilos se van a renovar con el tiempo para intentar evitar in posible fallo de memoria.
04/11/2012 19:12:19 org.apache.catalina.loader.WebappClassLoader checkThreadLocalMapForLeaks
GRAVE: La aplicación web [/SistemaHotelero] creó un ThreadLocal con clave del tipo [java.lang.ThreadLocal] (valor [java.lang.ThreadLocal@19bf7d0]) y un valor del tipo [org.apache.derby.iapi.services.context.ContextManager] (valor [org.apache.derby.iapi.services.context.ContextManager@16c27ba]) pero no pudo quitarlo cuando la aplicación web se paró. Los hilos se van a renovar con el tiempo para intentar evitar in posible fallo de memoria.
04/11/2012 19:12:19 org.apache.catalina.loader.WebappClassLoader checkThreadLocalMapForLeaks
GRAVE: La aplicación web [/SistemaHotelero] creó un ThreadLocal con clave del tipo [java.lang.ThreadLocal] (valor [java.lang.ThreadLocal@19bf7d0]) y un valor del tipo [org.apache.derby.iapi.services.context.ContextManager] (valor [org.apache.derby.iapi.services.context.ContextManager@16c27ba]) pero no pudo quitarlo cuando la aplicación web se paró. Los hilos se van a renovar con el tiempo para intentar evitar in posible fallo de memoria.
04/11/2012 19:12:19 org.apache.catalina.loader.WebappClassLoader checkThreadLocalMapForLeaks
GRAVE: La aplicación web [/SistemaHotelero] creó un ThreadLocal con clave del tipo [java.lang.ThreadLocal] (valor [java.lang.ThreadLocal@19bf7d0]) y un valor del tipo [org.apache.derby.iapi.services.context.ContextManager] (valor [org.apache.derby.iapi.services.context.ContextManager@2870b7]) pero no pudo quitarlo cuando la aplicación web se paró. Los hilos se van a renovar con el tiempo para intentar evitar in posible fallo de memoria.
04/11/2012 19:12:19 org.apache.catalina.loader.WebappClassLoader checkThreadLocalMapForLeaks
GRAVE: La aplicación web [/SistemaHotelero] creó un ThreadLocal con clave del tipo [java.lang.ThreadLocal] (valor [java.lang.ThreadLocal@19bf7d0]) y un valor del tipo [org.apache.derby.iapi.services.context.ContextManager] (valor [org.apache.derby.iapi.services.context.ContextManager@16c27ba]) pero no pudo quitarlo cuando la aplicación web se paró. Los hilos se van a renovar con el tiempo para intentar evitar in posible fallo de memoria.
04/11/2012 19:12:19 org.apache.catalina.loader.WebappClassLoader checkThreadLocalMapForLeaks
GRAVE: La aplicación web [/SistemaHotelero] creó un ThreadLocal con clave del tipo [java.lang.ThreadLocal] (valor [java.lang.ThreadLocal@19bf7d0]) y un valor del tipo [org.apache.derby.iapi.services.context.ContextManager] (valor [org.apache.derby.iapi.services.context.ContextManager@16c27ba]) pero no pudo quitarlo cuando la aplicación web se paró. Los hilos se van a renovar con el tiempo para intentar evitar in posible fallo de memoria.
04/11/2012 19:12:19 org.apache.catalina.loader.WebappClassLoader checkThreadLocalMapForLeaks
GRAVE: La aplicación web [/SistemaHotelero] creó un ThreadLocal con clave del tipo [java.lang.ThreadLocal] (valor [java.lang.ThreadLocal@19bf7d0]) y un valor del tipo [org.apache.derby.iapi.services.context.ContextManager] (valor [org.apache.derby.iapi.services.context.ContextManager@16c27ba]) pero no pudo quitarlo cuando la aplicación web se paró. Los hilos se van a renovar con el tiempo para intentar evitar in posible fallo de memoria.
04/11/2012 19:12:19 org.apache.catalina.loader.WebappClassLoader checkThreadLocalMapForLeaks
GRAVE: La aplicación web [/SistemaHotelero] creó un ThreadLocal con clave del tipo [java.lang.ThreadLocal] (valor [java.lang.ThreadLocal@19bf7d0]) y un valor del tipo [org.apache.derby.iapi.services.context.ContextManager] (valor [org.apache.derby.iapi.services.context.ContextManager@16c27ba]) pero no pudo quitarlo cuando la aplicación web se paró. Los hilos se van a renovar con el tiempo para intentar evitar in posible fallo de memoria.
04/11/2012 19:12:19 org.apache.catalina.loader.WebappClassLoader checkThreadLocalMapForLeaks
GRAVE: La aplicación web [/SistemaHotelero] creó un ThreadLocal con clave del tipo [java.lang.ThreadLocal] (valor [java.lang.ThreadLocal@19bf7d0]) y un valor del tipo [org.apache.derby.iapi.services.context.ContextManager] (valor [org.apache.derby.iapi.services.context.ContextManager@104b5ae]) pero no pudo quitarlo cuando la aplicación web se paró. Los hilos se van a renovar con el tiempo para intentar evitar in posible fallo de memoria.
04/11/2012 19:12:20 org.apache.coyote.AbstractProtocol stop
INFO: Stopping ProtocolHandler ["http-apr-8400"]
04/11/2012 19:12:21 org.apache.coyote.AbstractProtocol stop
INFO: Stopping ProtocolHandler ["ajp-apr-8009"]
04/11/2012 19:12:22 org.apache.coyote.AbstractProtocol destroy
INFO: Destroying ProtocolHandler ["http-apr-8400"]
04/11/2012 19:12:22 org.apache.coyote.AbstractProtocol destroy
INFO: Destroying ProtocolHandler ["ajp-apr-8009"]
04/11/2012 19:34:46 org.apache.catalina.core.AprLifecycleListener init
INFO: Cargada la biblioteca nativa APR de Apache Tomcat 1.1.24 con la versión APR 1.4.6.
04/11/2012 19:34:46 org.apache.catalina.core.AprLifecycleListener init
INFO: Capacidades APR: IPv6 [true], enviar fichero [true], aceptar filtros [false], aleatorio [true].
04/11/2012 19:34:48 org.apache.catalina.core.AprLifecycleListener initializeSSL
INFO: OpenSSL inicializado correctamente (OpenSSL 1.0.1c 10 May 2012)
04/11/2012 19:34:48 org.apache.coyote.AbstractProtocol init
INFO: Initializing ProtocolHandler ["http-apr-8400"]
04/11/2012 19:34:48 org.apache.coyote.AbstractProtocol init
INFO: Initializing ProtocolHandler ["ajp-apr-8009"]
04/11/2012 19:34:48 org.apache.catalina.startup.Catalina load
INFO: Initialization processed in 2502 ms
04/11/2012 19:34:48 org.apache.catalina.core.StandardService startInternal
INFO: Arrancando servicio Catalina
04/11/2012 19:34:48 org.apache.catalina.core.StandardEngine startInternal
INFO: Starting Servlet Engine: Apache Tomcat/7.0.32
04/11/2012 19:34:48 org.apache.catalina.startup.HostConfig deployWAR
INFO: Despliegue del archivo C:\apache-tomcat-7.0.32\webapps\SistemaHotelero.war de la aplicación web
04/11/2012 19:34:58 org.apache.catalina.startup.HostConfig deployDirectory
INFO: Despliegue del directorio C:\apache-tomcat-7.0.32\webapps\docs de la aplicación web
04/11/2012 19:34:59 org.apache.catalina.startup.HostConfig deployDirectory
INFO: Despliegue del directorio C:\apache-tomcat-7.0.32\webapps\examples de la aplicación web
04/11/2012 19:34:59 org.apache.catalina.startup.HostConfig deployDirectory
INFO: Despliegue del directorio C:\apache-tomcat-7.0.32\webapps\host-manager de la aplicación web
04/11/2012 19:34:59 org.apache.catalina.startup.HostConfig deployDirectory
INFO: Despliegue del directorio C:\apache-tomcat-7.0.32\webapps\manager de la aplicación web
04/11/2012 19:34:59 org.apache.catalina.startup.HostConfig deployDirectory
INFO: Despliegue del directorio C:\apache-tomcat-7.0.32\webapps\ROOT de la aplicación web
04/11/2012 19:34:59 org.apache.coyote.AbstractProtocol start
INFO: Starting ProtocolHandler ["http-apr-8400"]
04/11/2012 19:34:59 org.apache.coyote.AbstractProtocol start
INFO: Starting ProtocolHandler ["ajp-apr-8009"]
04/11/2012 19:34:59 org.apache.catalina.startup.Catalina start
INFO: Server startup in 11199 ms
04/11/2012 19:35:15 org.apache.coyote.AbstractProtocol pause
INFO: Pausing ProtocolHandler ["http-apr-8400"]
04/11/2012 19:35:16 org.apache.coyote.AbstractProtocol pause
INFO: Pausing ProtocolHandler ["ajp-apr-8009"]
04/11/2012 19:35:16 org.apache.catalina.core.StandardService stopInternal
INFO: Parando servicio Catalina
04/11/2012 19:35:16 org.apache.catalina.loader.WebappClassLoader checkThreadLocalMapForLeaks
GRAVE: La aplicación web [/SistemaHotelero] creó un ThreadLocal con clave del tipo [java.lang.ThreadLocal] (valor [java.lang.ThreadLocal@537935]) y un valor del tipo [flex.messaging.io.SerializationContext] (valor [flex.messaging.io.SerializationContext@3aa791]) pero no pudo quitarlo cuando la aplicación web se paró. Los hilos se van a renovar con el tiempo para intentar evitar in posible fallo de memoria.
04/11/2012 19:35:16 org.apache.coyote.AbstractProtocol stop
INFO: Stopping ProtocolHandler ["http-apr-8400"]
04/11/2012 19:35:16 org.apache.coyote.AbstractProtocol stop
INFO: Stopping ProtocolHandler ["ajp-apr-8009"]
04/11/2012 19:35:16 org.apache.coyote.AbstractProtocol destroy
INFO: Destroying ProtocolHandler ["http-apr-8400"]
04/11/2012 19:35:16 org.apache.coyote.AbstractProtocol destroy
INFO: Destroying ProtocolHandler ["ajp-apr-8009"]
04/11/2012 19:37:13 org.apache.catalina.core.AprLifecycleListener init
INFO: Cargada la biblioteca nativa APR de Apache Tomcat 1.1.24 con la versión APR 1.4.6.
04/11/2012 19:37:13 org.apache.catalina.core.AprLifecycleListener init
INFO: Capacidades APR: IPv6 [true], enviar fichero [true], aceptar filtros [false], aleatorio [true].
04/11/2012 19:37:14 org.apache.catalina.core.AprLifecycleListener initializeSSL
INFO: OpenSSL inicializado correctamente (OpenSSL 1.0.1c 10 May 2012)
04/11/2012 19:37:15 org.apache.coyote.AbstractProtocol init
INFO: Initializing ProtocolHandler ["http-apr-8400"]
04/11/2012 19:37:15 org.apache.coyote.AbstractProtocol init
INFO: Initializing ProtocolHandler ["ajp-apr-8009"]
04/11/2012 19:37:15 org.apache.catalina.startup.Catalina load
INFO: Initialization processed in 2382 ms
04/11/2012 19:37:15 org.apache.catalina.core.StandardService startInternal
INFO: Arrancando servicio Catalina
04/11/2012 19:37:15 org.apache.catalina.core.StandardEngine startInternal
INFO: Starting Servlet Engine: Apache Tomcat/7.0.32
04/11/2012 19:37:15 org.apache.catalina.startup.HostConfig deployWAR
INFO: Despliegue del archivo C:\apache-tomcat-7.0.32\webapps\SistemaHotelero.war de la aplicación web
04/11/2012 19:37:24 org.apache.catalina.util.SessionIdGenerator createSecureRandom
INFO: Creation of SecureRandom instance for session ID generation using [SHA1PRNG] took [121] milliseconds.
04/11/2012 19:37:25 org.apache.catalina.startup.HostConfig deployDirectory
INFO: Despliegue del directorio C:\apache-tomcat-7.0.32\webapps\docs de la aplicación web
04/11/2012 19:37:25 org.apache.catalina.startup.HostConfig deployDirectory
INFO: Despliegue del directorio C:\apache-tomcat-7.0.32\webapps\examples de la aplicación web
04/11/2012 19:37:26 org.apache.catalina.startup.HostConfig deployDirectory
INFO: Despliegue del directorio C:\apache-tomcat-7.0.32\webapps\host-manager de la aplicación web
04/11/2012 19:37:26 org.apache.catalina.startup.HostConfig deployDirectory
INFO: Despliegue del directorio C:\apache-tomcat-7.0.32\webapps\manager de la aplicación web
04/11/2012 19:37:26 org.apache.catalina.startup.HostConfig deployDirectory
INFO: Despliegue del directorio C:\apache-tomcat-7.0.32\webapps\ROOT de la aplicación web
04/11/2012 19:37:26 org.apache.coyote.AbstractProtocol start
INFO: Starting ProtocolHandler ["http-apr-8400"]
04/11/2012 19:37:26 org.apache.coyote.AbstractProtocol start
INFO: Starting ProtocolHandler ["ajp-apr-8009"]
04/11/2012 19:37:26 org.apache.catalina.startup.Catalina start
INFO: Server startup in 11359 ms
04/11/2012 19:37:35 org.apache.coyote.AbstractProtocol pause
INFO: Pausing ProtocolHandler ["http-apr-8400"]
04/11/2012 19:37:35 org.apache.coyote.AbstractProtocol pause
INFO: Pausing ProtocolHandler ["ajp-apr-8009"]
04/11/2012 19:37:35 org.apache.catalina.core.StandardService stopInternal
INFO: Parando servicio Catalina
04/11/2012 19:37:35 org.apache.catalina.loader.WebappClassLoader checkThreadLocalMapForLeaks
GRAVE: La aplicación web [/SistemaHotelero] creó un ThreadLocal con clave del tipo [java.lang.ThreadLocal] (valor [java.lang.ThreadLocal@19cd5f5]) y un valor del tipo [flex.messaging.io.SerializationContext] (valor [flex.messaging.io.SerializationContext@1a2da17]) pero no pudo quitarlo cuando la aplicación web se paró. Los hilos se van a renovar con el tiempo para intentar evitar in posible fallo de memoria.
04/11/2012 19:37:36 org.apache.coyote.AbstractProtocol stop
INFO: Stopping ProtocolHandler ["http-apr-8400"]
04/11/2012 19:37:36 org.apache.coyote.AbstractProtocol stop
INFO: Stopping ProtocolHandler ["ajp-apr-8009"]
04/11/2012 19:37:36 org.apache.coyote.AbstractProtocol destroy
INFO: Destroying ProtocolHandler ["http-apr-8400"]
04/11/2012 19:37:36 org.apache.coyote.AbstractProtocol destroy
INFO: Destroying ProtocolHandler ["ajp-apr-8009"]
