01/04/2013 03:40:14 org.apache.catalina.core.AprLifecycleListener init
INFO: Cargada la biblioteca nativa APR de Apache Tomcat 1.1.24 con la versión APR 1.4.6.
01/04/2013 03:40:14 org.apache.catalina.core.AprLifecycleListener init
INFO: Capacidades APR: IPv6 [true], enviar fichero [true], aceptar filtros [false], aleatorio [true].
01/04/2013 03:40:15 org.apache.catalina.core.AprLifecycleListener initializeSSL
INFO: OpenSSL inicializado correctamente (OpenSSL 1.0.1c 10 May 2012)
01/04/2013 03:40:15 org.apache.coyote.AbstractProtocol init
INFO: Initializing ProtocolHandler ["http-apr-8400"]
01/04/2013 03:40:15 org.apache.coyote.AbstractProtocol init
INFO: Initializing ProtocolHandler ["ajp-apr-8009"]
01/04/2013 03:40:15 org.apache.catalina.startup.Catalina load
INFO: Initialization processed in 1787 ms
01/04/2013 03:40:15 org.apache.catalina.core.StandardService startInternal
INFO: Arrancando servicio Catalina
01/04/2013 03:40:15 org.apache.catalina.core.StandardEngine startInternal
INFO: Starting Servlet Engine: Apache Tomcat/7.0.32
01/04/2013 03:40:15 org.apache.catalina.startup.HostConfig deployDirectory
INFO: Despliegue del directorio C:\apache-tomcat-7.0.32\webapps\docs de la aplicación web
01/04/2013 03:40:16 org.apache.catalina.util.SessionIdGenerator createSecureRandom
INFO: Creation of SecureRandom instance for session ID generation using [SHA1PRNG] took [250] milliseconds.
01/04/2013 03:40:16 org.apache.catalina.startup.HostConfig deployDirectory
INFO: Despliegue del directorio C:\apache-tomcat-7.0.32\webapps\examples de la aplicación web
01/04/2013 03:40:17 org.apache.catalina.startup.HostConfig deployDirectory
INFO: Despliegue del directorio C:\apache-tomcat-7.0.32\webapps\host-manager de la aplicación web
01/04/2013 03:40:17 org.apache.catalina.startup.HostConfig deployDirectory
INFO: Despliegue del directorio C:\apache-tomcat-7.0.32\webapps\manager de la aplicación web
01/04/2013 03:40:17 org.apache.catalina.startup.HostConfig deployDirectory
INFO: Despliegue del directorio C:\apache-tomcat-7.0.32\webapps\ROOT de la aplicación web
01/04/2013 03:40:17 org.apache.catalina.startup.HostConfig deployDirectory
INFO: Despliegue del directorio C:\apache-tomcat-7.0.32\webapps\SistemaHotelero de la aplicación web
01/04/2013 03:40:24 org.apache.coyote.AbstractProtocol start
INFO: Starting ProtocolHandler ["http-apr-8400"]
01/04/2013 03:40:24 org.apache.coyote.AbstractProtocol start
INFO: Starting ProtocolHandler ["ajp-apr-8009"]
01/04/2013 03:40:24 org.apache.catalina.startup.Catalina start
INFO: Server startup in 8957 ms
01/04/2013 03:40:24 org.apache.catalina.core.StandardServer await
GRAVE: StandardServer.await: create[localhost:8005]: 
java.net.BindException: Address already in use: JVM_Bind
	at java.net.PlainSocketImpl.socketBind(Native Method)
	at java.net.PlainSocketImpl.bind(PlainSocketImpl.java:365)
	at java.net.ServerSocket.bind(ServerSocket.java:319)
	at java.net.ServerSocket.<init>(ServerSocket.java:185)
	at org.apache.catalina.core.StandardServer.await(StandardServer.java:427)
	at org.apache.catalina.startup.Catalina.await(Catalina.java:766)
	at org.apache.catalina.startup.Catalina.start(Catalina.java:712)
	at sun.reflect.NativeMethodAccessorImpl.invoke0(Native Method)
	at sun.reflect.NativeMethodAccessorImpl.invoke(NativeMethodAccessorImpl.java:39)
	at sun.reflect.DelegatingMethodAccessorImpl.invoke(DelegatingMethodAccessorImpl.java:25)
	at java.lang.reflect.Method.invoke(Method.java:597)
	at org.apache.catalina.startup.Bootstrap.start(Bootstrap.java:322)
	at org.apache.catalina.startup.Bootstrap.main(Bootstrap.java:451)
01/04/2013 03:40:24 org.apache.coyote.AbstractProtocol pause
INFO: Pausing ProtocolHandler ["http-apr-8400"]
01/04/2013 03:40:24 org.apache.coyote.AbstractProtocol pause
INFO: Pausing ProtocolHandler ["ajp-apr-8009"]
01/04/2013 03:40:24 org.apache.catalina.core.StandardService stopInternal
INFO: Parando servicio Catalina
01/04/2013 03:40:24 org.apache.catalina.loader.WebappClassLoader checkThreadLocalMapForLeaks
GRAVE: La aplicación web [/SistemaHotelero] creó un ThreadLocal con clave del tipo [java.lang.ThreadLocal] (valor [java.lang.ThreadLocal@15c6c8d]) y un valor del tipo [flex.messaging.io.SerializationContext] (valor [flex.messaging.io.SerializationContext@dab859]) pero no pudo quitarlo cuando la aplicación web se paró. Los hilos se van a renovar con el tiempo para intentar evitar in posible fallo de memoria.
01/04/2013 03:40:24 org.apache.coyote.AbstractProtocol stop
INFO: Stopping ProtocolHandler ["http-apr-8400"]
01/04/2013 03:40:24 org.apache.coyote.AbstractProtocol stop
INFO: Stopping ProtocolHandler ["ajp-apr-8009"]
01/04/2013 03:40:25 org.apache.coyote.AbstractProtocol destroy
INFO: Destroying ProtocolHandler ["http-apr-8400"]
01/04/2013 03:40:25 org.apache.coyote.AbstractProtocol destroy
INFO: Destroying ProtocolHandler ["ajp-apr-8009"]
01/04/2013 03:42:59 org.apache.catalina.core.AprLifecycleListener init
INFO: Cargada la biblioteca nativa APR de Apache Tomcat 1.1.24 con la versión APR 1.4.6.
01/04/2013 03:42:59 org.apache.catalina.core.AprLifecycleListener init
INFO: Capacidades APR: IPv6 [true], enviar fichero [true], aceptar filtros [false], aleatorio [true].
01/04/2013 03:43:00 org.apache.catalina.core.AprLifecycleListener initializeSSL
INFO: OpenSSL inicializado correctamente (OpenSSL 1.0.1c 10 May 2012)
01/04/2013 03:43:00 org.apache.coyote.AbstractProtocol init
INFO: Initializing ProtocolHandler ["http-apr-8400"]
01/04/2013 03:43:00 org.apache.coyote.AbstractProtocol init
INFO: Initializing ProtocolHandler ["ajp-apr-8009"]
01/04/2013 03:43:00 org.apache.catalina.startup.Catalina load
INFO: Initialization processed in 1400 ms
01/04/2013 03:43:00 org.apache.catalina.core.StandardService startInternal
INFO: Arrancando servicio Catalina
01/04/2013 03:43:00 org.apache.catalina.core.StandardEngine startInternal
INFO: Starting Servlet Engine: Apache Tomcat/7.0.32
01/04/2013 03:43:00 org.apache.catalina.startup.HostConfig deployDirectory
INFO: Despliegue del directorio C:\apache-tomcat-7.0.32\webapps\docs de la aplicación web
01/04/2013 03:43:01 org.apache.catalina.startup.HostConfig deployDirectory
INFO: Despliegue del directorio C:\apache-tomcat-7.0.32\webapps\examples de la aplicación web
01/04/2013 03:43:01 org.apache.catalina.startup.HostConfig deployDirectory
INFO: Despliegue del directorio C:\apache-tomcat-7.0.32\webapps\host-manager de la aplicación web
01/04/2013 03:43:01 org.apache.catalina.startup.HostConfig deployDirectory
INFO: Despliegue del directorio C:\apache-tomcat-7.0.32\webapps\manager de la aplicación web
01/04/2013 03:43:01 org.apache.catalina.startup.HostConfig deployDirectory
INFO: Despliegue del directorio C:\apache-tomcat-7.0.32\webapps\ROOT de la aplicación web
01/04/2013 03:43:01 org.apache.catalina.startup.HostConfig deployDirectory
INFO: Despliegue del directorio C:\apache-tomcat-7.0.32\webapps\SistemaHotelero de la aplicación web
01/04/2013 03:43:04 org.apache.coyote.AbstractProtocol start
INFO: Starting ProtocolHandler ["http-apr-8400"]
01/04/2013 03:43:04 org.apache.coyote.AbstractProtocol start
INFO: Starting ProtocolHandler ["ajp-apr-8009"]
01/04/2013 03:43:04 org.apache.catalina.startup.Catalina start
INFO: Server startup in 3553 ms
01/04/2013 03:43:04 org.apache.catalina.core.StandardServer await
GRAVE: StandardServer.await: create[localhost:8005]: 
java.net.BindException: Address already in use: JVM_Bind
	at java.net.PlainSocketImpl.socketBind(Native Method)
	at java.net.PlainSocketImpl.bind(PlainSocketImpl.java:365)
	at java.net.ServerSocket.bind(ServerSocket.java:319)
	at java.net.ServerSocket.<init>(ServerSocket.java:185)
	at org.apache.catalina.core.StandardServer.await(StandardServer.java:427)
	at org.apache.catalina.startup.Catalina.await(Catalina.java:766)
	at org.apache.catalina.startup.Catalina.start(Catalina.java:712)
	at sun.reflect.NativeMethodAccessorImpl.invoke0(Native Method)
	at sun.reflect.NativeMethodAccessorImpl.invoke(NativeMethodAccessorImpl.java:39)
	at sun.reflect.DelegatingMethodAccessorImpl.invoke(DelegatingMethodAccessorImpl.java:25)
	at java.lang.reflect.Method.invoke(Method.java:597)
	at org.apache.catalina.startup.Bootstrap.start(Bootstrap.java:322)
	at org.apache.catalina.startup.Bootstrap.main(Bootstrap.java:451)
01/04/2013 03:43:04 org.apache.coyote.AbstractProtocol pause
INFO: Pausing ProtocolHandler ["http-apr-8400"]
01/04/2013 03:43:04 org.apache.coyote.AbstractProtocol pause
INFO: Pausing ProtocolHandler ["ajp-apr-8009"]
01/04/2013 03:43:04 org.apache.catalina.core.StandardService stopInternal
INFO: Parando servicio Catalina
01/04/2013 03:43:04 org.apache.catalina.loader.WebappClassLoader checkThreadLocalMapForLeaks
GRAVE: La aplicación web [/SistemaHotelero] creó un ThreadLocal con clave del tipo [java.lang.ThreadLocal] (valor [java.lang.ThreadLocal@19ce47a]) y un valor del tipo [flex.messaging.io.SerializationContext] (valor [flex.messaging.io.SerializationContext@15c2843]) pero no pudo quitarlo cuando la aplicación web se paró. Los hilos se van a renovar con el tiempo para intentar evitar in posible fallo de memoria.
01/04/2013 03:43:04 org.apache.coyote.AbstractProtocol stop
INFO: Stopping ProtocolHandler ["http-apr-8400"]
01/04/2013 03:43:04 org.apache.coyote.AbstractProtocol stop
INFO: Stopping ProtocolHandler ["ajp-apr-8009"]
01/04/2013 03:43:04 org.apache.coyote.AbstractProtocol destroy
INFO: Destroying ProtocolHandler ["http-apr-8400"]
01/04/2013 03:43:04 org.apache.coyote.AbstractProtocol destroy
INFO: Destroying ProtocolHandler ["ajp-apr-8009"]
01/04/2013 03:43:25 org.apache.catalina.core.AprLifecycleListener init
INFO: Cargada la biblioteca nativa APR de Apache Tomcat 1.1.24 con la versión APR 1.4.6.
01/04/2013 03:43:25 org.apache.catalina.core.AprLifecycleListener init
INFO: Capacidades APR: IPv6 [true], enviar fichero [true], aceptar filtros [false], aleatorio [true].
01/04/2013 03:43:26 org.apache.catalina.core.AprLifecycleListener initializeSSL
INFO: OpenSSL inicializado correctamente (OpenSSL 1.0.1c 10 May 2012)
01/04/2013 03:43:26 org.apache.coyote.AbstractProtocol init
INFO: Initializing ProtocolHandler ["http-apr-8400"]
01/04/2013 03:43:26 org.apache.coyote.AbstractProtocol init
INFO: Initializing ProtocolHandler ["ajp-apr-8009"]
01/04/2013 03:43:26 org.apache.catalina.startup.Catalina load
INFO: Initialization processed in 1621 ms
01/04/2013 03:43:26 org.apache.catalina.core.StandardService startInternal
INFO: Arrancando servicio Catalina
01/04/2013 03:43:26 org.apache.catalina.core.StandardEngine startInternal
INFO: Starting Servlet Engine: Apache Tomcat/7.0.32
01/04/2013 03:43:26 org.apache.catalina.startup.HostConfig deployWAR
INFO: Despliegue del archivo C:\apache-tomcat-7.0.32\webapps\SistemaHotelero.war de la aplicación web
01/04/2013 03:43:29 org.apache.catalina.startup.HostConfig deployDirectory
INFO: Despliegue del directorio C:\apache-tomcat-7.0.32\webapps\docs de la aplicación web
01/04/2013 03:43:29 org.apache.catalina.startup.HostConfig deployDirectory
INFO: Despliegue del directorio C:\apache-tomcat-7.0.32\webapps\examples de la aplicación web
01/04/2013 03:43:30 org.apache.catalina.startup.HostConfig deployDirectory
INFO: Despliegue del directorio C:\apache-tomcat-7.0.32\webapps\host-manager de la aplicación web
01/04/2013 03:43:30 org.apache.catalina.startup.HostConfig deployDirectory
INFO: Despliegue del directorio C:\apache-tomcat-7.0.32\webapps\manager de la aplicación web
01/04/2013 03:43:30 org.apache.catalina.startup.HostConfig deployDirectory
INFO: Despliegue del directorio C:\apache-tomcat-7.0.32\webapps\ROOT de la aplicación web
01/04/2013 03:43:30 org.apache.coyote.AbstractProtocol start
INFO: Starting ProtocolHandler ["http-apr-8400"]
01/04/2013 03:43:30 org.apache.coyote.AbstractProtocol start
INFO: Starting ProtocolHandler ["ajp-apr-8009"]
01/04/2013 03:43:30 org.apache.catalina.startup.Catalina start
INFO: Server startup in 3569 ms
01/04/2013 03:43:30 org.apache.catalina.core.StandardServer await
GRAVE: StandardServer.await: create[localhost:8005]: 
java.net.BindException: Address already in use: JVM_Bind
	at java.net.PlainSocketImpl.socketBind(Native Method)
	at java.net.PlainSocketImpl.bind(PlainSocketImpl.java:365)
	at java.net.ServerSocket.bind(ServerSocket.java:319)
	at java.net.ServerSocket.<init>(ServerSocket.java:185)
	at org.apache.catalina.core.StandardServer.await(StandardServer.java:427)
	at org.apache.catalina.startup.Catalina.await(Catalina.java:766)
	at org.apache.catalina.startup.Catalina.start(Catalina.java:712)
	at sun.reflect.NativeMethodAccessorImpl.invoke0(Native Method)
	at sun.reflect.NativeMethodAccessorImpl.invoke(NativeMethodAccessorImpl.java:39)
	at sun.reflect.DelegatingMethodAccessorImpl.invoke(DelegatingMethodAccessorImpl.java:25)
	at java.lang.reflect.Method.invoke(Method.java:597)
	at org.apache.catalina.startup.Bootstrap.start(Bootstrap.java:322)
	at org.apache.catalina.startup.Bootstrap.main(Bootstrap.java:451)
01/04/2013 03:43:30 org.apache.coyote.AbstractProtocol pause
INFO: Pausing ProtocolHandler ["http-apr-8400"]
01/04/2013 03:43:30 org.apache.coyote.AbstractProtocol pause
INFO: Pausing ProtocolHandler ["ajp-apr-8009"]
01/04/2013 03:43:30 org.apache.catalina.core.StandardService stopInternal
INFO: Parando servicio Catalina
01/04/2013 03:43:30 org.apache.catalina.loader.WebappClassLoader checkThreadLocalMapForLeaks
GRAVE: La aplicación web [/SistemaHotelero] creó un ThreadLocal con clave del tipo [java.lang.ThreadLocal] (valor [java.lang.ThreadLocal@c9f997]) y un valor del tipo [flex.messaging.io.SerializationContext] (valor [flex.messaging.io.SerializationContext@2153fe]) pero no pudo quitarlo cuando la aplicación web se paró. Los hilos se van a renovar con el tiempo para intentar evitar in posible fallo de memoria.
01/04/2013 03:43:30 org.apache.coyote.AbstractProtocol stop
INFO: Stopping ProtocolHandler ["http-apr-8400"]
01/04/2013 03:43:30 org.apache.coyote.AbstractProtocol stop
INFO: Stopping ProtocolHandler ["ajp-apr-8009"]
01/04/2013 03:43:30 org.apache.coyote.AbstractProtocol destroy
INFO: Destroying ProtocolHandler ["http-apr-8400"]
01/04/2013 03:43:30 org.apache.coyote.AbstractProtocol destroy
INFO: Destroying ProtocolHandler ["ajp-apr-8009"]
01/04/2013 03:46:30 org.apache.catalina.core.AprLifecycleListener init
INFO: Cargada la biblioteca nativa APR de Apache Tomcat 1.1.24 con la versión APR 1.4.6.
01/04/2013 03:46:30 org.apache.catalina.core.AprLifecycleListener init
INFO: Capacidades APR: IPv6 [true], enviar fichero [true], aceptar filtros [false], aleatorio [true].
01/04/2013 03:46:31 org.apache.catalina.core.AprLifecycleListener initializeSSL
INFO: OpenSSL inicializado correctamente (OpenSSL 1.0.1c 10 May 2012)
01/04/2013 03:46:32 org.apache.coyote.AbstractProtocol init
INFO: Initializing ProtocolHandler ["http-apr-8400"]
01/04/2013 03:46:32 org.apache.coyote.AbstractProtocol init
INFO: Initializing ProtocolHandler ["ajp-apr-8009"]
01/04/2013 03:46:32 org.apache.catalina.startup.Catalina load
INFO: Initialization processed in 1508 ms
01/04/2013 03:46:32 org.apache.catalina.core.StandardService startInternal
INFO: Arrancando servicio Catalina
01/04/2013 03:46:32 org.apache.catalina.core.StandardEngine startInternal
INFO: Starting Servlet Engine: Apache Tomcat/7.0.32
01/04/2013 03:46:32 org.apache.catalina.startup.HostConfig deployDirectory
INFO: Despliegue del directorio C:\apache-tomcat-7.0.32\webapps\docs de la aplicación web
01/04/2013 03:46:32 org.apache.catalina.startup.HostConfig deployDirectory
INFO: Despliegue del directorio C:\apache-tomcat-7.0.32\webapps\examples de la aplicación web
01/04/2013 03:46:32 org.apache.catalina.startup.HostConfig deployDirectory
INFO: Despliegue del directorio C:\apache-tomcat-7.0.32\webapps\host-manager de la aplicación web
01/04/2013 03:46:32 org.apache.catalina.startup.HostConfig deployDirectory
INFO: Despliegue del directorio C:\apache-tomcat-7.0.32\webapps\manager de la aplicación web
01/04/2013 03:46:32 org.apache.catalina.startup.HostConfig deployDirectory
INFO: Despliegue del directorio C:\apache-tomcat-7.0.32\webapps\ROOT de la aplicación web
01/04/2013 03:46:32 org.apache.catalina.startup.HostConfig deployDirectory
INFO: Despliegue del directorio C:\apache-tomcat-7.0.32\webapps\SistemaHotelero de la aplicación web
01/04/2013 03:46:35 org.apache.coyote.AbstractProtocol start
INFO: Starting ProtocolHandler ["http-apr-8400"]
01/04/2013 03:46:35 org.apache.coyote.AbstractProtocol start
INFO: Starting ProtocolHandler ["ajp-apr-8009"]
01/04/2013 03:46:35 org.apache.catalina.startup.Catalina start
INFO: Server startup in 3448 ms
01/04/2013 03:47:22 org.hibernate.annotations.common.Version <clinit>
INFO: HCANN000001: Hibernate Commons Annotations {4.0.1.Final}
01/04/2013 03:47:22 org.hibernate.Version logVersion
INFO: HHH000412: Hibernate Core {4.1.3.Final}
01/04/2013 03:47:22 org.hibernate.cfg.Environment <clinit>
INFO: HHH000206: hibernate.properties not found
01/04/2013 03:47:22 org.hibernate.cfg.Environment buildBytecodeProvider
INFO: HHH000021: Bytecode provider name : javassist
01/04/2013 03:47:26 org.hibernate.service.jdbc.connections.internal.DriverManagerConnectionProviderImpl configure
INFO: HHH000402: Using Hibernate built-in connection pool (not for production use!)
01/04/2013 03:47:26 org.hibernate.service.jdbc.connections.internal.DriverManagerConnectionProviderImpl configure
INFO: HHH000115: Hibernate connection pool size: 20
01/04/2013 03:47:26 org.hibernate.service.jdbc.connections.internal.DriverManagerConnectionProviderImpl configure
INFO: HHH000006: Autocommit mode: true
01/04/2013 03:47:26 org.hibernate.service.jdbc.connections.internal.DriverManagerConnectionProviderImpl configure
INFO: HHH000401: using driver [org.apache.derby.jdbc.EmbeddedDriver] at URL [jdbc:derby:dellosky;create=true]
01/04/2013 03:47:26 org.hibernate.service.jdbc.connections.internal.DriverManagerConnectionProviderImpl configure
INFO: HHH000046: Connection properties: {user=, password=****, autocommit=true, release_mode=auto}
01/04/2013 03:47:32 org.hibernate.dialect.Dialect <init>
INFO: HHH000400: Using dialect: org.hibernate.dialect.DerbyDialect
01/04/2013 03:47:32 org.hibernate.dialect.DerbyDialect <init>
WARN: HHH000430: The DerbyDialect dialect has been deprecated; use one of the version-specific dialects instead
01/04/2013 03:47:32 org.hibernate.engine.transaction.internal.TransactionFactoryInitiator initiateService
INFO: HHH000268: Transaction strategy: org.hibernate.engine.transaction.internal.jdbc.JdbcTransactionFactory
01/04/2013 03:47:32 org.hibernate.hql.internal.ast.ASTQueryTranslatorFactory <init>
INFO: HHH000397: Using ASTQueryTranslatorFactory
01/04/2013 03:47:32 org.hibernate.tool.hbm2ddl.SchemaExport execute
INFO: HHH000227: Running hbm2ddl schema export
01/04/2013 03:47:38 org.hibernate.tool.hbm2ddl.SchemaExport execute
INFO: HHH000230: Schema export complete
