01/04/2013 03:40:17 org.apache.catalina.core.ApplicationContext log
INFO: ContextListener: contextInitialized()
01/04/2013 03:40:17 org.apache.catalina.core.ApplicationContext log
INFO: SessionListener: contextInitialized()
01/04/2013 03:40:17 org.apache.catalina.core.ApplicationContext log
INFO: ContextListener: attributeAdded('org.apache.jasper.compiler.TldLocationsCache', 'org.apache.jasper.compiler.TldLocationsCache@435a3a')
01/04/2013 03:40:24 org.apache.catalina.core.ApplicationContext log
INFO: SessionListener: contextDestroyed()
01/04/2013 03:40:24 org.apache.catalina.core.ApplicationContext log
INFO: ContextListener: contextDestroyed()
01/04/2013 03:43:01 org.apache.catalina.core.ApplicationContext log
INFO: ContextListener: contextInitialized()
01/04/2013 03:43:01 org.apache.catalina.core.ApplicationContext log
INFO: SessionListener: contextInitialized()
01/04/2013 03:43:01 org.apache.catalina.core.ApplicationContext log
INFO: ContextListener: attributeAdded('org.apache.jasper.compiler.TldLocationsCache', 'org.apache.jasper.compiler.TldLocationsCache@1efb4be')
01/04/2013 03:43:04 org.apache.catalina.core.ApplicationContext log
INFO: SessionListener: contextDestroyed()
01/04/2013 03:43:04 org.apache.catalina.core.ApplicationContext log
INFO: ContextListener: contextDestroyed()
01/04/2013 03:43:29 org.apache.catalina.core.ApplicationContext log
INFO: ContextListener: contextInitialized()
01/04/2013 03:43:29 org.apache.catalina.core.ApplicationContext log
INFO: SessionListener: contextInitialized()
01/04/2013 03:43:30 org.apache.catalina.core.ApplicationContext log
INFO: ContextListener: attributeAdded('org.apache.jasper.compiler.TldLocationsCache', 'org.apache.jasper.compiler.TldLocationsCache@156e5ed')
01/04/2013 03:43:30 org.apache.catalina.core.ApplicationContext log
INFO: SessionListener: contextDestroyed()
01/04/2013 03:43:30 org.apache.catalina.core.ApplicationContext log
INFO: ContextListener: contextDestroyed()
01/04/2013 03:46:32 org.apache.catalina.core.ApplicationContext log
INFO: ContextListener: contextInitialized()
01/04/2013 03:46:32 org.apache.catalina.core.ApplicationContext log
INFO: SessionListener: contextInitialized()
01/04/2013 03:46:32 org.apache.catalina.core.ApplicationContext log
INFO: ContextListener: attributeAdded('org.apache.jasper.compiler.TldLocationsCache', 'org.apache.jasper.compiler.TldLocationsCache@435a3a')
