31/03/2013 22:17:50 org.apache.catalina.core.AprLifecycleListener init
INFO: Cargada la biblioteca nativa APR de Apache Tomcat 1.1.24 con la versión APR 1.4.6.
31/03/2013 22:17:50 org.apache.catalina.core.AprLifecycleListener init
INFO: Capacidades APR: IPv6 [true], enviar fichero [true], aceptar filtros [false], aleatorio [true].
31/03/2013 22:17:52 org.apache.catalina.core.AprLifecycleListener initializeSSL
INFO: OpenSSL inicializado correctamente (OpenSSL 1.0.1c 10 May 2012)
31/03/2013 22:17:53 org.apache.coyote.AbstractProtocol init
INFO: Initializing ProtocolHandler ["http-apr-8400"]
31/03/2013 22:17:53 org.apache.coyote.AbstractProtocol init
INFO: Initializing ProtocolHandler ["ajp-apr-8009"]
31/03/2013 22:17:53 org.apache.catalina.startup.Catalina load
INFO: Initialization processed in 4568 ms
31/03/2013 22:17:54 org.apache.catalina.core.StandardService startInternal
INFO: Arrancando servicio Catalina
31/03/2013 22:17:54 org.apache.catalina.core.StandardEngine startInternal
INFO: Starting Servlet Engine: Apache Tomcat/7.0.32
31/03/2013 22:17:54 org.apache.catalina.startup.HostConfig deployWAR
INFO: Despliegue del archivo C:\apache-tomcat-7.0.32\webapps\SistemaHotelero.war de la aplicación web
31/03/2013 22:18:00 org.apache.catalina.util.SessionIdGenerator createSecureRandom
INFO: Creation of SecureRandom instance for session ID generation using [SHA1PRNG] took [172] milliseconds.
31/03/2013 22:18:01 org.apache.catalina.startup.HostConfig deployDirectory
INFO: Despliegue del directorio C:\apache-tomcat-7.0.32\webapps\docs de la aplicación web
31/03/2013 22:18:01 org.apache.catalina.startup.HostConfig deployDirectory
INFO: Despliegue del directorio C:\apache-tomcat-7.0.32\webapps\examples de la aplicación web
31/03/2013 22:18:01 org.apache.catalina.startup.HostConfig deployDirectory
INFO: Despliegue del directorio C:\apache-tomcat-7.0.32\webapps\host-manager de la aplicación web
31/03/2013 22:18:01 org.apache.catalina.startup.HostConfig deployDirectory
INFO: Despliegue del directorio C:\apache-tomcat-7.0.32\webapps\manager de la aplicación web
31/03/2013 22:18:01 org.apache.catalina.startup.HostConfig deployDirectory
INFO: Despliegue del directorio C:\apache-tomcat-7.0.32\webapps\ROOT de la aplicación web
31/03/2013 22:18:01 org.apache.coyote.AbstractProtocol start
INFO: Starting ProtocolHandler ["http-apr-8400"]
31/03/2013 22:18:01 org.apache.coyote.AbstractProtocol start
INFO: Starting ProtocolHandler ["ajp-apr-8009"]
31/03/2013 22:18:02 org.apache.catalina.startup.Catalina start
INFO: Server startup in 8121 ms
31/03/2013 22:18:17 org.hibernate.annotations.common.Version <clinit>
INFO: HCANN000001: Hibernate Commons Annotations {4.0.1.Final}
31/03/2013 22:18:17 org.hibernate.Version logVersion
INFO: HHH000412: Hibernate Core {4.1.3.Final}
31/03/2013 22:18:17 org.hibernate.cfg.Environment <clinit>
INFO: HHH000206: hibernate.properties not found
31/03/2013 22:18:17 org.hibernate.cfg.Environment buildBytecodeProvider
INFO: HHH000021: Bytecode provider name : javassist
31/03/2013 22:18:19 org.hibernate.service.jdbc.connections.internal.DriverManagerConnectionProviderImpl configure
INFO: HHH000402: Using Hibernate built-in connection pool (not for production use!)
31/03/2013 22:18:20 org.hibernate.service.jdbc.connections.internal.DriverManagerConnectionProviderImpl configure
INFO: HHH000115: Hibernate connection pool size: 20
31/03/2013 22:18:20 org.hibernate.service.jdbc.connections.internal.DriverManagerConnectionProviderImpl configure
INFO: HHH000006: Autocommit mode: true
31/03/2013 22:18:20 org.hibernate.service.jdbc.connections.internal.DriverManagerConnectionProviderImpl configure
INFO: HHH000401: using driver [org.apache.derby.jdbc.EmbeddedDriver] at URL [jdbc:derby:dellosky;create=true]
31/03/2013 22:18:20 org.hibernate.service.jdbc.connections.internal.DriverManagerConnectionProviderImpl configure
INFO: HHH000046: Connection properties: {user=, password=****, autocommit=true, release_mode=auto}
31/03/2013 22:18:24 org.hibernate.dialect.Dialect <init>
INFO: HHH000400: Using dialect: org.hibernate.dialect.DerbyDialect
31/03/2013 22:18:24 org.hibernate.dialect.DerbyDialect <init>
WARN: HHH000430: The DerbyDialect dialect has been deprecated; use one of the version-specific dialects instead
31/03/2013 22:18:24 org.hibernate.engine.transaction.internal.TransactionFactoryInitiator initiateService
INFO: HHH000268: Transaction strategy: org.hibernate.engine.transaction.internal.jdbc.JdbcTransactionFactory
31/03/2013 22:18:24 org.hibernate.hql.internal.ast.ASTQueryTranslatorFactory <init>
INFO: HHH000397: Using ASTQueryTranslatorFactory
31/03/2013 22:18:25 org.hibernate.tool.hbm2ddl.SchemaExport execute
INFO: HHH000227: Running hbm2ddl schema export
31/03/2013 22:18:25 org.hibernate.tool.hbm2ddl.SchemaExport perform
ERROR: HHH000389: Unsuccessful: alter table Cleaning drop constraint FK32F3B519C7EF8363
31/03/2013 22:18:25 org.hibernate.tool.hbm2ddl.SchemaExport perform
ERROR: 'ALTER TABLE' cannot be performed on 'CLEANING' because it does not exist.
31/03/2013 22:18:25 org.hibernate.tool.hbm2ddl.SchemaExport perform
ERROR: HHH000389: Unsuccessful: alter table Cleaning drop constraint FK32F3B519C33567A9
31/03/2013 22:18:25 org.hibernate.tool.hbm2ddl.SchemaExport perform
ERROR: 'ALTER TABLE' cannot be performed on 'CLEANING' because it does not exist.
31/03/2013 22:18:25 org.hibernate.tool.hbm2ddl.SchemaExport perform
ERROR: HHH000389: Unsuccessful: alter table Consumption drop constraint FK30DB9B7BACB74BA8
31/03/2013 22:18:25 org.hibernate.tool.hbm2ddl.SchemaExport perform
ERROR: 'ALTER TABLE' cannot be performed on 'CONSUMPTION' because it does not exist.
31/03/2013 22:18:25 org.hibernate.tool.hbm2ddl.SchemaExport perform
ERROR: HHH000389: Unsuccessful: alter table Consumption drop constraint FK30DB9B7BBC4104B6
31/03/2013 22:18:25 org.hibernate.tool.hbm2ddl.SchemaExport perform
ERROR: 'ALTER TABLE' cannot be performed on 'CONSUMPTION' because it does not exist.
31/03/2013 22:18:25 org.hibernate.tool.hbm2ddl.SchemaExport perform
ERROR: HHH000389: Unsuccessful: alter table Consumption drop constraint FK30DB9B7B2F303BE9
31/03/2013 22:18:25 org.hibernate.tool.hbm2ddl.SchemaExport perform
ERROR: 'ALTER TABLE' cannot be performed on 'CONSUMPTION' because it does not exist.
31/03/2013 22:18:25 org.hibernate.tool.hbm2ddl.SchemaExport perform
ERROR: HHH000389: Unsuccessful: alter table Customer drop constraint FK27FBE3FEF57244ED
31/03/2013 22:18:25 org.hibernate.tool.hbm2ddl.SchemaExport perform
ERROR: 'ALTER TABLE' cannot be performed on 'CUSTOMER' because it does not exist.
31/03/2013 22:18:25 org.hibernate.tool.hbm2ddl.SchemaExport perform
ERROR: HHH000389: Unsuccessful: alter table Customer drop constraint FK27FBE3FEF394DB16
31/03/2013 22:18:25 org.hibernate.tool.hbm2ddl.SchemaExport perform
ERROR: 'ALTER TABLE' cannot be performed on 'CUSTOMER' because it does not exist.
31/03/2013 22:18:25 org.hibernate.tool.hbm2ddl.SchemaExport perform
ERROR: HHH000389: Unsuccessful: alter table Customer drop constraint FK27FBE3FE4202C996
31/03/2013 22:18:25 org.hibernate.tool.hbm2ddl.SchemaExport perform
ERROR: 'ALTER TABLE' cannot be performed on 'CUSTOMER' because it does not exist.
31/03/2013 22:18:25 org.hibernate.tool.hbm2ddl.SchemaExport perform
ERROR: HHH000389: Unsuccessful: alter table Occupation drop constraint FKD71A456B7F64F557
31/03/2013 22:18:25 org.hibernate.tool.hbm2ddl.SchemaExport perform
ERROR: 'ALTER TABLE' cannot be performed on 'OCCUPATION' because it does not exist.
31/03/2013 22:18:25 org.hibernate.tool.hbm2ddl.SchemaExport perform
ERROR: HHH000389: Unsuccessful: alter table Occupation drop constraint FKD71A456BBC4104B6
31/03/2013 22:18:25 org.hibernate.tool.hbm2ddl.SchemaExport perform
ERROR: 'ALTER TABLE' cannot be performed on 'OCCUPATION' because it does not exist.
31/03/2013 22:18:25 org.hibernate.tool.hbm2ddl.SchemaExport perform
ERROR: HHH000389: Unsuccessful: alter table Promotion drop constraint FK47CF1C83BC4104B6
31/03/2013 22:18:25 org.hibernate.tool.hbm2ddl.SchemaExport perform
ERROR: 'ALTER TABLE' cannot be performed on 'PROMOTION' because it does not exist.
31/03/2013 22:18:25 org.hibernate.tool.hbm2ddl.SchemaExport perform
ERROR: HHH000389: Unsuccessful: alter table RATE drop constraint FK2644E05D36A0B6
31/03/2013 22:18:25 org.hibernate.tool.hbm2ddl.SchemaExport perform
ERROR: 'ALTER TABLE' cannot be performed on 'RATE' because it does not exist.
31/03/2013 22:18:25 org.hibernate.tool.hbm2ddl.SchemaExport perform
ERROR: HHH000389: Unsuccessful: alter table RATE drop constraint FK2644E040E8D26D
31/03/2013 22:18:25 org.hibernate.tool.hbm2ddl.SchemaExport perform
ERROR: 'ALTER TABLE' cannot be performed on 'RATE' because it does not exist.
31/03/2013 22:18:25 org.hibernate.tool.hbm2ddl.SchemaExport perform
ERROR: HHH000389: Unsuccessful: alter table Region drop constraint FK91AD1314B15BBF9E
31/03/2013 22:18:25 org.hibernate.tool.hbm2ddl.SchemaExport perform
ERROR: 'ALTER TABLE' cannot be performed on 'REGION' because it does not exist.
31/03/2013 22:18:25 org.hibernate.tool.hbm2ddl.SchemaExport perform
ERROR: HHH000389: Unsuccessful: alter table ReservationForm drop constraint FKB06AB690ACB74BA8
31/03/2013 22:18:25 org.hibernate.tool.hbm2ddl.SchemaExport perform
ERROR: 'ALTER TABLE' cannot be performed on 'RESERVATIONFORM' because it does not exist.
31/03/2013 22:18:25 org.hibernate.tool.hbm2ddl.SchemaExport perform
ERROR: HHH000389: Unsuccessful: alter table ReservationForm drop constraint FKB06AB69055E2FD16
31/03/2013 22:18:25 org.hibernate.tool.hbm2ddl.SchemaExport perform
ERROR: 'ALTER TABLE' cannot be performed on 'RESERVATIONFORM' because it does not exist.
31/03/2013 22:18:25 org.hibernate.tool.hbm2ddl.SchemaExport perform
ERROR: HHH000389: Unsuccessful: alter table Room drop constraint FK26F4FB40E8D26D
31/03/2013 22:18:25 org.hibernate.tool.hbm2ddl.SchemaExport perform
ERROR: 'ALTER TABLE' cannot be performed on 'ROOM' because it does not exist.
31/03/2013 22:18:25 org.hibernate.tool.hbm2ddl.SchemaExport perform
ERROR: HHH000389: Unsuccessful: alter table Transfer drop constraint FK50331C0BACB74BA8
31/03/2013 22:18:25 org.hibernate.tool.hbm2ddl.SchemaExport perform
ERROR: 'ALTER TABLE' cannot be performed on 'TRANSFER' because it does not exist.
31/03/2013 22:18:25 org.hibernate.tool.hbm2ddl.SchemaExport perform
ERROR: HHH000389: Unsuccessful: alter table Transfer drop constraint FK50331C0B7F64F557
31/03/2013 22:18:25 org.hibernate.tool.hbm2ddl.SchemaExport perform
ERROR: 'ALTER TABLE' cannot be performed on 'TRANSFER' because it does not exist.
31/03/2013 22:18:25 org.hibernate.tool.hbm2ddl.SchemaExport perform
ERROR: HHH000389: Unsuccessful: alter table Transfer drop constraint FK50331C0B2F303BE9
31/03/2013 22:18:25 org.hibernate.tool.hbm2ddl.SchemaExport perform
ERROR: 'ALTER TABLE' cannot be performed on 'TRANSFER' because it does not exist.
31/03/2013 22:18:25 org.hibernate.tool.hbm2ddl.SchemaExport perform
ERROR: HHH000389: Unsuccessful: drop table Bank
31/03/2013 22:18:25 org.hibernate.tool.hbm2ddl.SchemaExport perform
ERROR: 'DROP TABLE' cannot be performed on 'BANK' because it does not exist.
31/03/2013 22:18:25 org.hibernate.tool.hbm2ddl.SchemaExport perform
ERROR: HHH000389: Unsuccessful: drop table Cleaning
31/03/2013 22:18:25 org.hibernate.tool.hbm2ddl.SchemaExport perform
ERROR: 'DROP TABLE' cannot be performed on 'CLEANING' because it does not exist.
31/03/2013 22:18:25 org.hibernate.tool.hbm2ddl.SchemaExport perform
ERROR: HHH000389: Unsuccessful: drop table CleaningType
31/03/2013 22:18:25 org.hibernate.tool.hbm2ddl.SchemaExport perform
ERROR: 'DROP TABLE' cannot be performed on 'CLEANINGTYPE' because it does not exist.
31/03/2013 22:18:25 org.hibernate.tool.hbm2ddl.SchemaExport perform
ERROR: HHH000389: Unsuccessful: drop table Consumption
31/03/2013 22:18:25 org.hibernate.tool.hbm2ddl.SchemaExport perform
ERROR: 'DROP TABLE' cannot be performed on 'CONSUMPTION' because it does not exist.
31/03/2013 22:18:25 org.hibernate.tool.hbm2ddl.SchemaExport perform
ERROR: HHH000389: Unsuccessful: drop table Country
31/03/2013 22:18:25 org.hibernate.tool.hbm2ddl.SchemaExport perform
ERROR: 'DROP TABLE' cannot be performed on 'COUNTRY' because it does not exist.
31/03/2013 22:18:25 org.hibernate.tool.hbm2ddl.SchemaExport perform
ERROR: HHH000389: Unsuccessful: drop table Customer
31/03/2013 22:18:25 org.hibernate.tool.hbm2ddl.SchemaExport perform
ERROR: 'DROP TABLE' cannot be performed on 'CUSTOMER' because it does not exist.
31/03/2013 22:18:25 org.hibernate.tool.hbm2ddl.SchemaExport perform
ERROR: HHH000389: Unsuccessful: drop table DocumentType
31/03/2013 22:18:25 org.hibernate.tool.hbm2ddl.SchemaExport perform
ERROR: 'DROP TABLE' cannot be performed on 'DOCUMENTTYPE' because it does not exist.
31/03/2013 22:18:25 org.hibernate.tool.hbm2ddl.SchemaExport perform
ERROR: HHH000389: Unsuccessful: drop table ExchangeRate
31/03/2013 22:18:25 org.hibernate.tool.hbm2ddl.SchemaExport perform
ERROR: 'DROP TABLE' cannot be performed on 'EXCHANGERATE' because it does not exist.
31/03/2013 22:18:25 org.hibernate.tool.hbm2ddl.SchemaExport perform
ERROR: HHH000389: Unsuccessful: drop table Language
31/03/2013 22:18:25 org.hibernate.tool.hbm2ddl.SchemaExport perform
ERROR: 'DROP TABLE' cannot be performed on 'LANGUAGE' because it does not exist.
31/03/2013 22:18:25 org.hibernate.tool.hbm2ddl.SchemaExport perform
ERROR: HHH000389: Unsuccessful: drop table Occupation
31/03/2013 22:18:25 org.hibernate.tool.hbm2ddl.SchemaExport perform
ERROR: 'DROP TABLE' cannot be performed on 'OCCUPATION' because it does not exist.
31/03/2013 22:18:25 org.hibernate.tool.hbm2ddl.SchemaExport perform
ERROR: HHH000389: Unsuccessful: drop table Promotion
31/03/2013 22:18:25 org.hibernate.tool.hbm2ddl.SchemaExport perform
ERROR: 'DROP TABLE' cannot be performed on 'PROMOTION' because it does not exist.
31/03/2013 22:18:25 org.hibernate.tool.hbm2ddl.SchemaExport perform
ERROR: HHH000389: Unsuccessful: drop table RATE
31/03/2013 22:18:25 org.hibernate.tool.hbm2ddl.SchemaExport perform
ERROR: 'DROP TABLE' cannot be performed on 'RATE' because it does not exist.
31/03/2013 22:18:25 org.hibernate.tool.hbm2ddl.SchemaExport perform
ERROR: HHH000389: Unsuccessful: drop table Region
31/03/2013 22:18:25 org.hibernate.tool.hbm2ddl.SchemaExport perform
ERROR: 'DROP TABLE' cannot be performed on 'REGION' because it does not exist.
31/03/2013 22:18:25 org.hibernate.tool.hbm2ddl.SchemaExport perform
ERROR: HHH000389: Unsuccessful: drop table ReservationForm
31/03/2013 22:18:25 org.hibernate.tool.hbm2ddl.SchemaExport perform
ERROR: 'DROP TABLE' cannot be performed on 'RESERVATIONFORM' because it does not exist.
31/03/2013 22:18:25 org.hibernate.tool.hbm2ddl.SchemaExport perform
ERROR: HHH000389: Unsuccessful: drop table Room
31/03/2013 22:18:25 org.hibernate.tool.hbm2ddl.SchemaExport perform
ERROR: 'DROP TABLE' cannot be performed on 'ROOM' because it does not exist.
31/03/2013 22:18:25 org.hibernate.tool.hbm2ddl.SchemaExport perform
ERROR: HHH000389: Unsuccessful: drop table RoomType
31/03/2013 22:18:25 org.hibernate.tool.hbm2ddl.SchemaExport perform
ERROR: 'DROP TABLE' cannot be performed on 'ROOMTYPE' because it does not exist.
31/03/2013 22:18:25 org.hibernate.tool.hbm2ddl.SchemaExport perform
ERROR: HHH000389: Unsuccessful: drop table Season
31/03/2013 22:18:25 org.hibernate.tool.hbm2ddl.SchemaExport perform
ERROR: 'DROP TABLE' cannot be performed on 'SEASON' because it does not exist.
31/03/2013 22:18:25 org.hibernate.tool.hbm2ddl.SchemaExport perform
ERROR: HHH000389: Unsuccessful: drop table ServiceType
31/03/2013 22:18:25 org.hibernate.tool.hbm2ddl.SchemaExport perform
ERROR: 'DROP TABLE' cannot be performed on 'SERVICETYPE' because it does not exist.
31/03/2013 22:18:25 org.hibernate.tool.hbm2ddl.SchemaExport perform
ERROR: HHH000389: Unsuccessful: drop table Transfer
31/03/2013 22:18:25 org.hibernate.tool.hbm2ddl.SchemaExport perform
ERROR: 'DROP TABLE' cannot be performed on 'TRANSFER' because it does not exist.
31/03/2013 22:18:28 org.hibernate.tool.hbm2ddl.SchemaExport execute
INFO: HHH000230: Schema export complete
31/03/2013 22:21:11 org.apache.coyote.AbstractProtocol pause
INFO: Pausing ProtocolHandler ["http-apr-8400"]
31/03/2013 22:21:11 org.apache.coyote.AbstractProtocol pause
INFO: Pausing ProtocolHandler ["ajp-apr-8009"]
31/03/2013 22:21:11 org.apache.catalina.core.StandardService stopInternal
INFO: Parando servicio Catalina
31/03/2013 22:21:11 org.apache.catalina.loader.WebappClassLoader clearReferencesJdbc
GRAVE: La aplicación web [/SistemaHotelero] registró el conductor JDBC [org.apache.derby.jdbc.AutoloadedDriver40] pero falló al anular el registro mientras la aplicación web estaba parada. Para prevenir un fallo de memoria, se ha anulado el registro del conductor JDBC por la fuerza.
31/03/2013 22:21:11 org.apache.catalina.loader.WebappClassLoader checkThreadLocalMapForLeaks
GRAVE: La aplicación web [/SistemaHotelero] creó un ThreadLocal con clave del tipo [java.lang.ThreadLocal] (valor [java.lang.ThreadLocal@598da3]) y un valor del tipo [org.apache.derby.iapi.services.context.ContextManager] (valor [org.apache.derby.iapi.services.context.ContextManager@1ff395a]) pero no pudo quitarlo cuando la aplicación web se paró. Los hilos se van a renovar con el tiempo para intentar evitar in posible fallo de memoria.
31/03/2013 22:21:11 org.apache.catalina.loader.WebappClassLoader checkThreadLocalMapForLeaks
GRAVE: La aplicación web [/SistemaHotelero] creó un ThreadLocal con clave del tipo [java.lang.ThreadLocal] (valor [java.lang.ThreadLocal@598da3]) y un valor del tipo [org.apache.derby.iapi.services.context.ContextManager] (valor [org.apache.derby.iapi.services.context.ContextManager@ca4aae]) pero no pudo quitarlo cuando la aplicación web se paró. Los hilos se van a renovar con el tiempo para intentar evitar in posible fallo de memoria.
31/03/2013 22:21:12 org.apache.catalina.loader.WebappClassLoader checkThreadLocalMapForLeaks
GRAVE: La aplicación web [/SistemaHotelero] creó un ThreadLocal con clave del tipo [java.lang.ThreadLocal] (valor [java.lang.ThreadLocal@598da3]) y un valor del tipo [org.apache.derby.iapi.services.context.ContextManager] (valor [org.apache.derby.iapi.services.context.ContextManager@1ff395a]) pero no pudo quitarlo cuando la aplicación web se paró. Los hilos se van a renovar con el tiempo para intentar evitar in posible fallo de memoria.
31/03/2013 22:21:12 org.apache.catalina.loader.WebappClassLoader checkThreadLocalMapForLeaks
GRAVE: La aplicación web [/SistemaHotelero] creó un ThreadLocal con clave del tipo [java.lang.ThreadLocal] (valor [java.lang.ThreadLocal@598da3]) y un valor del tipo [org.apache.derby.iapi.services.context.ContextManager] (valor [org.apache.derby.iapi.services.context.ContextManager@1ff395a]) pero no pudo quitarlo cuando la aplicación web se paró. Los hilos se van a renovar con el tiempo para intentar evitar in posible fallo de memoria.
31/03/2013 22:21:12 org.apache.catalina.loader.WebappClassLoader checkThreadLocalMapForLeaks
GRAVE: La aplicación web [/SistemaHotelero] creó un ThreadLocal con clave del tipo [java.lang.ThreadLocal] (valor [java.lang.ThreadLocal@598da3]) y un valor del tipo [org.apache.derby.iapi.services.context.ContextManager] (valor [org.apache.derby.iapi.services.context.ContextManager@ca4aae]) pero no pudo quitarlo cuando la aplicación web se paró. Los hilos se van a renovar con el tiempo para intentar evitar in posible fallo de memoria.
31/03/2013 22:21:12 org.apache.catalina.loader.WebappClassLoader checkThreadLocalMapForLeaks
GRAVE: La aplicación web [/SistemaHotelero] creó un ThreadLocal con clave del tipo [java.lang.ThreadLocal] (valor [java.lang.ThreadLocal@598da3]) y un valor del tipo [org.apache.derby.iapi.services.context.ContextManager] (valor [org.apache.derby.iapi.services.context.ContextManager@1ff395a]) pero no pudo quitarlo cuando la aplicación web se paró. Los hilos se van a renovar con el tiempo para intentar evitar in posible fallo de memoria.
31/03/2013 22:21:12 org.apache.catalina.loader.WebappClassLoader checkThreadLocalMapForLeaks
GRAVE: La aplicación web [/SistemaHotelero] creó un ThreadLocal con clave del tipo [java.lang.ThreadLocal] (valor [java.lang.ThreadLocal@598da3]) y un valor del tipo [org.apache.derby.iapi.services.context.ContextManager] (valor [org.apache.derby.iapi.services.context.ContextManager@ca4aae]) pero no pudo quitarlo cuando la aplicación web se paró. Los hilos se van a renovar con el tiempo para intentar evitar in posible fallo de memoria.
31/03/2013 22:21:12 org.apache.catalina.loader.WebappClassLoader checkThreadLocalMapForLeaks
GRAVE: La aplicación web [/SistemaHotelero] creó un ThreadLocal con clave del tipo [java.lang.ThreadLocal] (valor [java.lang.ThreadLocal@598da3]) y un valor del tipo [org.apache.derby.iapi.services.context.ContextManager] (valor [org.apache.derby.iapi.services.context.ContextManager@ca4aae]) pero no pudo quitarlo cuando la aplicación web se paró. Los hilos se van a renovar con el tiempo para intentar evitar in posible fallo de memoria.
31/03/2013 22:21:12 org.apache.catalina.loader.WebappClassLoader checkThreadLocalMapForLeaks
GRAVE: La aplicación web [/SistemaHotelero] creó un ThreadLocal con clave del tipo [java.lang.ThreadLocal] (valor [java.lang.ThreadLocal@598da3]) y un valor del tipo [org.apache.derby.iapi.services.context.ContextManager] (valor [org.apache.derby.iapi.services.context.ContextManager@ca4aae]) pero no pudo quitarlo cuando la aplicación web se paró. Los hilos se van a renovar con el tiempo para intentar evitar in posible fallo de memoria.
31/03/2013 22:21:12 org.apache.catalina.loader.WebappClassLoader checkThreadLocalMapForLeaks
GRAVE: La aplicación web [/SistemaHotelero] creó un ThreadLocal con clave del tipo [java.lang.ThreadLocal] (valor [java.lang.ThreadLocal@598da3]) y un valor del tipo [org.apache.derby.iapi.services.context.ContextManager] (valor [org.apache.derby.iapi.services.context.ContextManager@77f040]) pero no pudo quitarlo cuando la aplicación web se paró. Los hilos se van a renovar con el tiempo para intentar evitar in posible fallo de memoria.
31/03/2013 22:21:12 org.apache.coyote.AbstractProtocol stop
INFO: Stopping ProtocolHandler ["http-apr-8400"]
31/03/2013 22:21:12 org.apache.coyote.AbstractProtocol stop
INFO: Stopping ProtocolHandler ["ajp-apr-8009"]
31/03/2013 22:21:12 org.apache.coyote.AbstractProtocol destroy
INFO: Destroying ProtocolHandler ["http-apr-8400"]
31/03/2013 22:21:12 org.apache.coyote.AbstractProtocol destroy
INFO: Destroying ProtocolHandler ["ajp-apr-8009"]
