04/11/2012 17:55:46 org.apache.catalina.core.ApplicationContext log
INFO: ContextListener: contextInitialized()
04/11/2012 17:55:46 org.apache.catalina.core.ApplicationContext log
INFO: SessionListener: contextInitialized()
04/11/2012 17:55:46 org.apache.catalina.core.ApplicationContext log
INFO: ContextListener: attributeAdded('org.apache.jasper.compiler.TldLocationsCache', 'org.apache.jasper.compiler.TldLocationsCache@8ae59a')
04/11/2012 19:12:20 org.apache.catalina.core.ApplicationContext log
INFO: SessionListener: contextDestroyed()
04/11/2012 19:12:20 org.apache.catalina.core.ApplicationContext log
INFO: ContextListener: contextDestroyed()
04/11/2012 19:34:59 org.apache.catalina.core.ApplicationContext log
INFO: ContextListener: contextInitialized()
04/11/2012 19:34:59 org.apache.catalina.core.ApplicationContext log
INFO: SessionListener: contextInitialized()
04/11/2012 19:34:59 org.apache.catalina.core.ApplicationContext log
INFO: ContextListener: attributeAdded('org.apache.jasper.compiler.TldLocationsCache', 'org.apache.jasper.compiler.TldLocationsCache@75f5b7')
04/11/2012 19:35:16 org.apache.catalina.core.ApplicationContext log
INFO: SessionListener: contextDestroyed()
04/11/2012 19:35:16 org.apache.catalina.core.ApplicationContext log
INFO: ContextListener: contextDestroyed()
04/11/2012 19:37:26 org.apache.catalina.core.ApplicationContext log
INFO: ContextListener: contextInitialized()
04/11/2012 19:37:26 org.apache.catalina.core.ApplicationContext log
INFO: SessionListener: contextInitialized()
04/11/2012 19:37:26 org.apache.catalina.core.ApplicationContext log
INFO: ContextListener: attributeAdded('org.apache.jasper.compiler.TldLocationsCache', 'org.apache.jasper.compiler.TldLocationsCache@156e5ed')
04/11/2012 19:37:35 org.apache.catalina.core.ApplicationContext log
INFO: SessionListener: contextDestroyed()
04/11/2012 19:37:35 org.apache.catalina.core.ApplicationContext log
INFO: ContextListener: contextDestroyed()
